<?xml version="1.0" encoding="UTF-8"?>
<!-- Generated by org.testng.reporters.JUnitReportReporter -->
<testsuite hostname="Shankar" name="ProjectEDUOTTestMaven.ProjectEDUOTTestLogin.LoginC" tests="1" failures="0" timestamp="27 Apr 2018 12:02:51 GMT" time="3.532" errors="0">
  <testcase name="firstTestCase" time="3.532" classname="ProjectEDUOTTestMaven.ProjectEDUOTTestLogin.LoginC"/>
</testsuite> <!-- ProjectEDUOTTestMaven.ProjectEDUOTTestLogin.LoginC -->
