<?xml version="1.0" encoding="UTF-8"?>
<!-- Generated by org.testng.reporters.JUnitReportReporter -->
<testsuite hostname="Shankar" name="ProjectEDUOTTestMaven.ProjectEDUOTTestLogin.LoginC" tests="2" failures="0" timestamp="26 Apr 2018 11:02:38 GMT" time="0.019" errors="0">
  <testcase name="firstTestCase" time="0.016" classname="ProjectEDUOTTestMaven.ProjectEDUOTTestLogin.LoginC"/>
  <testcase name="secondTestCase" time="0.003" classname="ProjectEDUOTTestMaven.ProjectEDUOTTestLogin.LoginC"/>
</testsuite> <!-- ProjectEDUOTTestMaven.ProjectEDUOTTestLogin.LoginC -->
